2015_04_28 02:56:54 : 对象的当前状态使该操作无效。
2015_04_28 02:57:49 : 对象的当前状态使该操作无效。
2015_04_28 03:00:38 : 对象的当前状态使该操作无效。
2015_04_28 03:02:22 , window :对象的当前状态使该操作无效。
2015_04_28 03:05:57:(window_Login,func_connect)对象的当前状态使该操作无效。
2015_04_28 04:21:48:(window_balance,func_writetosql)未将对象引用设置到对象的实例。
2015_04_28 04:21:50:(window_balance,func_writetosql)未将对象引用设置到对象的实例。
2015_04_28 04:21:50:(window_balance,func_writetosql)未将对象引用设置到对象的实例。
2015_04_28 04:21:50:(window_balance,func_writetosql)未将对象引用设置到对象的实例。
2015_04_28 04:21:51:(window_balance,func_writetosql)未将对象引用设置到对象的实例。
2015_04_28 04:21:51:(window_balance,func_writetosql)未将对象引用设置到对象的实例。
2015_04_28 04:21:51:(window_balance,func_writetosql)未将对象引用设置到对象的实例。
2015_04_28 04:21:52:(window_balance,func_writetosql)未将对象引用设置到对象的实例。
2015_04_28 04:21:52:(window_balance,func_writetosql)未将对象引用设置到对象的实例。
2015_04_28 04:21:52:(window_balance,func_writetosql)未将对象引用设置到对象的实例。
2015_04_28 05:17:31:(window_balance,func_subStock)SQL logic error or missing database
no such column: stock
2015_04_28 06:25:37:(window_cash,func_selectFromBaseData)索引超出范围。必须为非负值并小于集合大小。
参数名: index
2015_04_28 07:55:08:(window_cash,func_cancleLastStep)索引超出范围。必须为非负值并小于集合大小。
参数名: index
2015_04_28 08:04:16:(window_cash,func_cancleLastStep)索引超出范围。必须为非负值并小于集合大小。
参数名: index
2015_04_28 08:04:24:(window_cash,func_cancleLastStep)索引超出范围。必须为非负值并小于集合大小。
参数名: index
2015_04_28 08:04:25:(window_cash,func_cancleLastStep)索引超出范围。必须为非负值并小于集合大小。
参数名: index
2015_04_28 08:04:26:(window_cash,func_cancleLastStep)索引超出范围。必须为非负值并小于集合大小。
参数名: index
2015_04_28 08:04:26:(window_cash,func_cancleLastStep)索引超出范围。必须为非负值并小于集合大小。
参数名: index
2015_04_28 08:04:26:(window_cash,func_cancleLastStep)索引超出范围。必须为非负值并小于集合大小。
参数名: index
2015_04_28 08:04:27:(window_cash,func_cancleLastStep)索引超出范围。必须为非负值并小于集合大小。
参数名: index
2015_04_28 08:04:27:(window_cash,func_cancleLastStep)索引超出范围。必须为非负值并小于集合大小。
参数名: index
2015_04_28 08:04:27:(window_cash,func_cancleLastStep)索引超出范围。必须为非负值并小于集合大小。
参数名: index
2015_04_28 08:04:27:(window_cash,func_cancleLastStep)索引超出范围。必须为非负值并小于集合大小。
参数名: index
2015_04_28 08:04:28:(window_cash,func_cancleLastStep)索引超出范围。必须为非负值并小于集合大小。
参数名: index
2015_04_28 08:04:28:(window_cash,func_cancleLastStep)索引超出范围。必须为非负值并小于集合大小。
参数名: index
2015_04_28 08:04:28:(window_cash,func_cancleLastStep)索引超出范围。必须为非负值并小于集合大小。
参数名: index
2015_04_28 08:04:28:(window_cash,func_cancleLastStep)索引超出范围。必须为非负值并小于集合大小。
参数名: index
2015_04_28 08:04:29:(window_cash,func_cancleLastStep)索引超出范围。必须为非负值并小于集合大小。
参数名: index
2015_04_28 08:04:29:(window_cash,func_cancleLastStep)索引超出范围。必须为非负值并小于集合大小。
参数名: index
2015_04_28 08:04:29:(window_cash,func_cancleLastStep)索引超出范围。必须为非负值并小于集合大小。
参数名: index
2015_04_28 08:04:30:(window_cash,func_cancleLastStep)索引超出范围。必须为非负值并小于集合大小。
参数名: index
2015_04_28 08:06:23:(window_cash,func_cancleLastStep)索引超出范围。必须为非负值并小于集合大小。
参数名: index
2015_04_28 08:06:26:(window_cash,func_cancleLastStep)索引超出范围。必须为非负值并小于集合大小。
参数名: index
2015_04_28 08:06:31:(window_cash,func_cancleLastStep)索引超出范围。必须为非负值并小于集合大小。
参数名: index
2015_04_28 08:06:32:(window_cash,func_cancleLastStep)索引超出范围。必须为非负值并小于集合大小。
参数名: index
2015_04_28 08:06:33:(window_cash,func_cancleLastStep)索引超出范围。必须为非负值并小于集合大小。
参数名: index
2015_04_28 08:06:34:(window_cash,func_cancleLastStep)索引超出范围。必须为非负值并小于集合大小。
参数名: index
2015_04_28 08:06:35:(window_cash,func_cancleLastStep)索引超出范围。必须为非负值并小于集合大小。
参数名: index
2015_04_28 08:06:36:(window_cash,func_cancleLastStep)索引超出范围。必须为非负值并小于集合大小。
参数名: index
2015_04_28 08:06:49:(window_cash,func_cancleLastStep)索引超出范围。必须为非负值并小于集合大小。
参数名: index
2015_04_28 08:09:01:(window_cash,func_cancleLastStep)索引超出范围。必须为非负值并小于集合大小。
参数名: index
2015_04_28 08:10:42:(window_cash,func_cancleLastStep)索引超出范围。必须为非负值并小于集合大小。
参数名: index
2015_04_28 08:26:01:(window_cash,func_cancleLastStep)索引超出范围。必须为非负值并小于集合大小。
参数名: index
2015_04_28 08:31:51:(window_cash,func_cancleLastStep)索引超出范围。必须为非负值并小于集合大小。
参数名: index
2015_04_28 08:31:53:(window_cash,func_cancleLastStep)索引超出范围。必须为非负值并小于集合大小。
参数名: index
2015_04_28 08:31:54:(window_cash,func_cancleLastStep)索引超出范围。必须为非负值并小于集合大小。
参数名: index
2015_04_28 08:31:54:(window_cash,func_cancleLastStep)索引超出范围。必须为非负值并小于集合大小。
参数名: index
2015_04_28 08:31:54:(window_cash,func_cancleLastStep)索引超出范围。必须为非负值并小于集合大小。
参数名: index
2015_04_28 08:31:54:(window_cash,func_cancleLastStep)索引超出范围。必须为非负值并小于集合大小。
参数名: index
2015_04_28 08:31:55:(window_cash,func_cancleLastStep)索引超出范围。必须为非负值并小于集合大小。
参数名: index
2015_04_28 08:36:05:(window_cash,func_cancleLastStep)索引超出范围。必须为非负值并小于集合大小。
参数名: index
2015_04_28 09:15:00:(window_cash,func_selectFromBaseData)索引超出范围。必须为非负值并小于集合大小。
参数名: index
